Traceback (most recent call last):
  File "/home/runner/work/qmlcourse/qmlcourse/.venv/lib/python3.8/site-packages/jupyter_cache/executors/utils.py", line 51, in single_nb_execution
    executenb(
  File "/home/runner/work/qmlcourse/qmlcourse/.venv/lib/python3.8/site-packages/nbclient/client.py", line 1117, in execute
    return NotebookClient(nb=nb, resources=resources, km=km, **kwargs).execute()
  File "/home/runner/work/qmlcourse/qmlcourse/.venv/lib/python3.8/site-packages/nbclient/util.py", line 78, in wrapped
    return just_run(coro(*args, **kwargs))
  File "/home/runner/work/qmlcourse/qmlcourse/.venv/lib/python3.8/site-packages/nbclient/util.py", line 57, in just_run
    return loop.run_until_complete(coro)
  File "/home/runner/work/qmlcourse/qmlcourse/.venv/lib/python3.8/asyncio/base_events.py", line 616, in run_until_complete
    return future.result()
  File "/home/runner/work/qmlcourse/qmlcourse/.venv/lib/python3.8/site-packages/nbclient/client.py", line 558, in async_execute
    await self.async_execute_cell(
  File "/home/runner/work/qmlcourse/qmlcourse/.venv/lib/python3.8/site-packages/nbclient/client.py", line 862, in async_execute_cell
    self._check_raise_for_error(cell, exec_reply)
  File "/home/runner/work/qmlcourse/qmlcourse/.venv/lib/python3.8/site-packages/nbclient/client.py", line 765, in _check_raise_for_error
    raise CellExecutionError.from_cell_and_msg(cell, exec_reply_content)
nbclient.exceptions.CellExecutionError: An error occurred while executing the following cell:
------------------
import pennylane as qml
from pennylane import numpy as np
dev = qml.device('default.qubit', shots=1000, wires=2)
def make_entanglement():
    qml.Hadamard(wires=0)
    qml.CNOT(wires=[0, 1])
    return qml.probs(wires=[0, 1])

circuit = qml.QNode(make_entanglement, dev)
circuit()

Работая с библиотекой PennyLane для математических операций, можно использовать интерфейс `NumPy`, но при этом также пользоваться преимуществами автоматического дифференцирования, которое обеспечивает <a href="https://github.com/HIPS/autograd">autograd</a>.
Именно поэтому мы не импортировали `NumPy` обычным способом: `import numpy as np`, а сделали это так: `from pennylane import numpy as np`.

Второй способ создания квантовых узлов -- с помощью декоратора `QNode`. Пропускаем импорт библиотек и создание устройства, так как в начале код тот же самый:

```{code-cell} ipython3
@qml.qnode(dev)
def circuit():
    qml.Hadamard(wires=0)
    qml.CNOT(wires=[0, 1])
    return qml.probs(wires=[0, 1])

print(circuit())

В данном примере мы взяли двухкубитную систему и создали запутанное состояние, а затем с помощью метода `probs` вычислили вероятности получения состояний $|00\rangle$, $|01\rangle$, $|10\rangle$, $|11\rangle$.

## Операторы

В квантовой функции можно применять операторы X, Y, Z, S, T (`qml.PauliX`, `qml.PauliY`, `qml.PauliZ`, `qml.S`, `qml.T` соответственно), а также операторы, в которых можно задавать угол вращения вокруг одной из осей в радианах: `qml.RX`, `qml.RY`, `qml.RZ`. Здесь и далее будем использовать `qml` как псевдоним библиотеки `PennyLane`.

В этой функции мы вращаем кубит под индексом 0 вокруг оси X на 90 градусов из начального состояния $|0\rangle$ и возвращаем **ожидаемое значение** `qml.PauliZ` для этого кубита с помощью `qml.expval`. Вероятности получения состояний $|0\rangle$ и $|1\rangle$ равны, так что мы получаем ожидаемое значение, близкое к нулю, что легко проверить:

$$0.5 \cdot 1 + 0.5 \cdot (-1) = 0$$

```{code-cell} ipython3
@qml.qnode(dev)
def circuit(x):
    qml.RX(x, wires=0)
    return qml.expval(qml.PauliZ(0))

circuit(np.pi/2)

В следующем примере мы вращаем кубит на тот же угол 90 градусов, но уже вокруг оси Y. Ожидаемое значение в этот раз ищем для `qml.PauliX` и получаем 1, что соответствует вычислениям:

$$1 \cdot 1 + 0 \cdot (-1) = 1$$

```{code-cell} ipython3
@qml.qnode(dev)
def circuit(x):
    qml.RY(x, wires=0)
    return qml.expval(qml.PauliX(0))

circuit(np.pi/2)
------------------

[0;36m  File [0;32m"/tmp/ipykernel_6248/3212710088.py"[0;36m, line [0;32m12[0m
[0;31m    Работая с библиотекой PennyLane для математических операций, можно использовать интерфейс `NumPy`, но при этом также пользоваться преимуществами автоматического дифференцирования, которое обеспечивает <a href="https://github.com/HIPS/autograd">autograd</a>.[0m
[0m            ^[0m
[0;31mSyntaxError[0m[0;31m:[0m invalid syntax

SyntaxError: invalid syntax (3212710088.py, line 12)

